0 info it worked if it ends with ok
1 verbose cli [ '/usr/local/bin/node', '/usr/local/bin/npm', 'run', 'test' ]
2 info using npm@3.8.6
3 info using node@v6.0.0
4 verbose run-script [ 'pretest', 'test', 'posttest' ]
5 info lifecycle RDLeadsForm@1.0.0~pretest: RDLeadsForm@1.0.0
6 silly lifecycle RDLeadsForm@1.0.0~pretest: no script for pretest, continuing
7 info lifecycle RDLeadsForm@1.0.0~test: RDLeadsForm@1.0.0
8 verbose lifecycle RDLeadsForm@1.0.0~test: unsafe-perm in lifecycle true
9 verbose lifecycle RDLeadsForm@1.0.0~test: PATH: /usr/local/lib/node_modules/npm/bin/node-gyp-bin:/Library/WebServer/Documents/RD/node_modules/.bin:/usr/local/bin:/usr/local/bin:/usr/bin:/bin:/usr/sbin:/sbin:/usr/local/git/bin
10 verbose lifecycle RDLeadsForm@1.0.0~test: CWD: /Library/WebServer/Documents/RD
11 silly lifecycle RDLeadsForm@1.0.0~test: Args: [ '-c', 'karma-cli start' ]
12 info lifecycle RDLeadsForm@1.0.0~test: Failed to exec test script
13 verbose stack Error: RDLeadsForm@1.0.0 test: `karma-cli start`
13 verbose stack spawn ENOENT
13 verbose stack     at ChildProcess.<anonymous> (/usr/local/lib/node_modules/npm/lib/utils/spawn.js:17:16)
13 verbose stack     at emitTwo (events.js:106:13)
13 verbose stack     at ChildProcess.emit (events.js:191:7)
13 verbose stack     at maybeClose (internal/child_process.js:850:16)
13 verbose stack     at Process.ChildProcess._handle.onexit (internal/child_process.js:215:5)
14 verbose pkgid RDLeadsForm@1.0.0
15 verbose cwd /Library/WebServer/Documents/RD
16 error Darwin 14.5.0
17 error argv "/usr/local/bin/node" "/usr/local/bin/npm" "run" "test"
18 error node v6.0.0
19 error npm  v3.8.6
20 error file sh
21 error code ELIFECYCLE
22 error errno ENOENT
23 error syscall spawn
24 error RDLeadsForm@1.0.0 test: `karma-cli start`
24 error spawn ENOENT
25 error Failed at the RDLeadsForm@1.0.0 test script 'karma-cli start'.
25 error Make sure you have the latest version of node.js and npm installed.
25 error If you do, this is most likely a problem with the RDLeadsForm package,
25 error not with npm itself.
25 error Tell the author that this fails on your system:
25 error     karma-cli start
25 error You can get information on how to open an issue for this project with:
25 error     npm bugs RDLeadsForm
25 error Or if that isn't available, you can get their info via:
25 error     npm owner ls RDLeadsForm
25 error There is likely additional logging output above.
26 verbose exit [ 1, true ]
